"../../../Engine/Content/EngineMaterials/T_Default_Material_Grid_N.uasset" 0
"../../../Engine/Content/EngineMaterials/T_Default_Material_Grid_N.uexp" 1
"../../../Engine/Content/EngineMaterials/T_Default_Material_Grid_N.ubulk" 2
"../../../Engine/Content/EngineMaterials/T_Default_Material_Grid_M.uasset" 3
"../../../Engine/Content/EngineMaterials/T_Default_Material_Grid_M.uexp" 4
"../../../Engine/Content/EngineMaterials/T_Default_Material_Grid_M.ubulk" 5
"../../../Engine/Content/Functions/Engine_MaterialFunctions01/Opacity/CameraDepthFade.uasset" 6
"../../../Engine/Content/Functions/Engine_MaterialFunctions01/Opacity/CameraDepthFade.uexp" 7
"../../../Engine/Content/EngineMaterials/DefaultMaterial.uasset" 8
"../../../Engine/Content/EngineMaterials/DefaultMaterial.uexp" 9
"../../../Engine/Content/BasicShapes/Sphere.uasset" 10
"../../../Engine/Content/BasicShapes/Sphere.uexp" 11
"C:/Users/lesno/OneDrive/Documents/Unreal Projects/DRGCustomModkit/Content/Character/InventoryLists/BP_GenericHeroInventory.uasset" 12
"C:/Users/lesno/OneDrive/Documents/Unreal Projects/DRGCustomModkit/Content/Character/InventoryLists/BP_GenericHeroInventory.uexp" 13
"C:/Users/lesno/OneDrive/Documents/Unreal Projects/DRGCustomModkit/Content/Character/UPlayerArmorRegenCurve.uasset" 14
"C:/Users/lesno/OneDrive/Documents/Unreal Projects/DRGCustomModkit/Content/Character/UPlayerArmorRegenCurve.uexp" 15
"C:/Users/lesno/OneDrive/Documents/Unreal Projects/DRGCustomModkit/Content/Character/Curve_Controller_DualZone.uasset" 16
"C:/Users/lesno/OneDrive/Documents/Unreal Projects/DRGCustomModkit/Content/Character/Curve_Controller_DualZone.uexp" 17
"C:/Users/lesno/OneDrive/Documents/Unreal Projects/DRGCustomModkit/Content/Character/ABP_TP_Dwarf.uasset" 18
"C:/Users/lesno/OneDrive/Documents/Unreal Projects/DRGCustomModkit/Content/Character/ABP_TP_Dwarf.uexp" 19
"../../../Engine/Content/EditorBlueprintResources/StandardMacros.uasset" 20
"../../../Engine/Content/EditorBlueprintResources/StandardMacros.uexp" 21
"C:/Users/lesno/OneDrive/Documents/Unreal Projects/DRGCustomModkit/Content/Character/ABP_FP_Dwarf.uasset" 22
"C:/Users/lesno/OneDrive/Documents/Unreal Projects/DRGCustomModkit/Content/Character/ABP_FP_Dwarf.uexp" 23
"C:/Users/lesno/OneDrive/Documents/Unreal Projects/DRGCustomModkit/Content/Character/BP_PlayerCharacter.uasset" 24
"C:/Users/lesno/OneDrive/Documents/Unreal Projects/DRGCustomModkit/Content/Character/BP_PlayerCharacter.uexp" 25
"C:/Users/lesno/OneDrive/Documents/Unreal Projects/DRGCustomModkit/Content/Character/InventoryLists/BP_BoscoInventory.uasset" 26
"C:/Users/lesno/OneDrive/Documents/Unreal Projects/DRGCustomModkit/Content/Character/InventoryLists/BP_BoscoInventory.uexp" 27
"C:/Users/lesno/OneDrive/Documents/Unreal Projects/DRGCustomModkit/Content/Character/BoscoID.uasset" 28
"C:/Users/lesno/OneDrive/Documents/Unreal Projects/DRGCustomModkit/Content/Character/BoscoID.uexp" 29
"C:/Users/lesno/OneDrive/Documents/Unreal Projects/DRGCustomModkit/Content/Character/BP_Bosco_Character.uasset" 30
"C:/Users/lesno/OneDrive/Documents/Unreal Projects/DRGCustomModkit/Content/Character/BP_Bosco_Character.uexp" 31
"C:/Users/lesno/OneDrive/Documents/Unreal Projects/DRGCustomModkit/Content/Character/DrillerID.uasset" 32
"C:/Users/lesno/OneDrive/Documents/Unreal Projects/DRGCustomModkit/Content/Character/DrillerID.uexp" 33
"C:/Users/lesno/OneDrive/Documents/Unreal Projects/DRGCustomModkit/Content/Character/InventoryLists/BP_DrillerInventory.uasset" 34
"C:/Users/lesno/OneDrive/Documents/Unreal Projects/DRGCustomModkit/Content/Character/InventoryLists/BP_DrillerInventory.uexp" 35
"C:/Users/lesno/OneDrive/Documents/Unreal Projects/DRGCustomModkit/Content/Character/BP_DrillerCharacter.uasset" 36
"C:/Users/lesno/OneDrive/Documents/Unreal Projects/DRGCustomModkit/Content/Character/BP_DrillerCharacter.uexp" 37
"C:/Users/lesno/OneDrive/Documents/Unreal Projects/DRGCustomModkit/Content/Character/EngineerID.uasset" 38
"C:/Users/lesno/OneDrive/Documents/Unreal Projects/DRGCustomModkit/Content/Character/EngineerID.uexp" 39
"C:/Users/lesno/OneDrive/Documents/Unreal Projects/DRGCustomModkit/Content/Character/InventoryLists/BP_EngineerInventory.uasset" 40
"C:/Users/lesno/OneDrive/Documents/Unreal Projects/DRGCustomModkit/Content/Character/InventoryLists/BP_EngineerInventory.uexp" 41
"C:/Users/lesno/OneDrive/Documents/Unreal Projects/DRGCustomModkit/Content/Character/BP_EngineerCharacter.uasset" 42
"C:/Users/lesno/OneDrive/Documents/Unreal Projects/DRGCustomModkit/Content/Character/BP_EngineerCharacter.uexp" 43
"C:/Users/lesno/OneDrive/Documents/Unreal Projects/DRGCustomModkit/Content/Character/GunnerID.uasset" 44
"C:/Users/lesno/OneDrive/Documents/Unreal Projects/DRGCustomModkit/Content/Character/GunnerID.uexp" 45
"C:/Users/lesno/OneDrive/Documents/Unreal Projects/DRGCustomModkit/Content/Character/InventoryLists/BP_GunnerInventory.uasset" 46
"C:/Users/lesno/OneDrive/Documents/Unreal Projects/DRGCustomModkit/Content/Character/InventoryLists/BP_GunnerInventory.uexp" 47
"C:/Users/lesno/OneDrive/Documents/Unreal Projects/DRGCustomModkit/Content/Character/BP_GunnerCharacter.uasset" 48
"C:/Users/lesno/OneDrive/Documents/Unreal Projects/DRGCustomModkit/Content/Character/BP_GunnerCharacter.uexp" 49
"C:/Users/lesno/OneDrive/Documents/Unreal Projects/DRGCustomModkit/Content/Character/ScoutID.uasset" 50
"C:/Users/lesno/OneDrive/Documents/Unreal Projects/DRGCustomModkit/Content/Character/ScoutID.uexp" 51
"C:/Users/lesno/OneDrive/Documents/Unreal Projects/DRGCustomModkit/Content/_DRGModding/_LesnovMods/GameplayMods/NewFolder/ID_AssaultRifleTest.uasset" 52
"C:/Users/lesno/OneDrive/Documents/Unreal Projects/DRGCustomModkit/Content/_DRGModding/_LesnovMods/GameplayMods/NewFolder/ID_AssaultRifleTest.uexp" 53
"C:/Users/lesno/OneDrive/Documents/Unreal Projects/DRGCustomModkit/Content/Character/InventoryLists/BP_ScoutInventory.uasset" 54
"C:/Users/lesno/OneDrive/Documents/Unreal Projects/DRGCustomModkit/Content/Character/InventoryLists/BP_ScoutInventory.uexp" 55
"C:/Users/lesno/OneDrive/Documents/Unreal Projects/DRGCustomModkit/Content/Character/BP_NavigatorCharacter.uasset" 56
"C:/Users/lesno/OneDrive/Documents/Unreal Projects/DRGCustomModkit/Content/Character/BP_NavigatorCharacter.uexp" 57
"C:/Users/lesno/OneDrive/Documents/Unreal Projects/DRGCustomModkit/Content/Character/PCD_Bosco.uasset" 58
"C:/Users/lesno/OneDrive/Documents/Unreal Projects/DRGCustomModkit/Content/Character/PCD_Bosco.uexp" 59
"C:/Users/lesno/OneDrive/Documents/Unreal Projects/DRGCustomModkit/Content/Character/PCD_Driller.uasset" 60
"C:/Users/lesno/OneDrive/Documents/Unreal Projects/DRGCustomModkit/Content/Character/PCD_Driller.uexp" 61
"C:/Users/lesno/OneDrive/Documents/Unreal Projects/DRGCustomModkit/Content/Character/PCD_Engineer.uasset" 62
"C:/Users/lesno/OneDrive/Documents/Unreal Projects/DRGCustomModkit/Content/Character/PCD_Engineer.uexp" 63
"C:/Users/lesno/OneDrive/Documents/Unreal Projects/DRGCustomModkit/Content/Character/PCD_Gunner.uasset" 64
"C:/Users/lesno/OneDrive/Documents/Unreal Projects/DRGCustomModkit/Content/Character/PCD_Gunner.uexp" 65
"C:/Users/lesno/OneDrive/Documents/Unreal Projects/DRGCustomModkit/Content/Character/PCD_Scout.uasset" 66
"C:/Users/lesno/OneDrive/Documents/Unreal Projects/DRGCustomModkit/Content/Character/PCD_Scout.uexp" 67
"C:/Users/lesno/OneDrive/Documents/Unreal Projects/DRGCustomModkit/Content/_DRGModding/_LesnovMods/GameplayMods/NewFolder/SKN_C_Cryo_Stock.uasset" 68
"C:/Users/lesno/OneDrive/Documents/Unreal Projects/DRGCustomModkit/Content/_DRGModding/_LesnovMods/GameplayMods/NewFolder/SKN_C_Cryo_Stock.uexp" 69
"C:/Users/lesno/OneDrive/Documents/Unreal Projects/DRGCustomModkit/Content/_DRGModding/_LesnovMods/GameplayMods/NewFolder/SKN_M_AR_ScaleBrigadetest.uasset" 70
"C:/Users/lesno/OneDrive/Documents/Unreal Projects/DRGCustomModkit/Content/_DRGModding/_LesnovMods/GameplayMods/NewFolder/SKN_M_AR_ScaleBrigadetest.uexp" 71
"C:/Users/lesno/OneDrive/Documents/Unreal Projects/DRGCustomModkit/Content/_DRGModding/_LesnovMods/GameplayMods/NewFolder/SKN_M_AR_Stocktest.uasset" 72
"C:/Users/lesno/OneDrive/Documents/Unreal Projects/DRGCustomModkit/Content/_DRGModding/_LesnovMods/GameplayMods/NewFolder/SKN_M_AR_Stocktest.uexp" 73
"C:/Users/lesno/OneDrive/Documents/Unreal Projects/DRGCustomModkit/Content/_DRGModding/_LesnovMods/GameplayMods/NewFolder/IDAT_AssaulttEST.uasset" 74
"C:/Users/lesno/OneDrive/Documents/Unreal Projects/DRGCustomModkit/Content/_DRGModding/_LesnovMods/GameplayMods/NewFolder/IDAT_AssaulttEST.uexp" 75
"C:/Users/lesno/OneDrive/Documents/Unreal Projects/DRGCustomModkit/Content/_DRGModding/_LesnovMods/GameplayMods/NewFolder/WPN_Testing.uasset" 76
"C:/Users/lesno/OneDrive/Documents/Unreal Projects/DRGCustomModkit/Content/_DRGModding/_LesnovMods/GameplayMods/NewFolder/WPN_Testing.uexp" 77
"C:/Users/lesno/OneDrive/Documents/Unreal Projects/DRGCustomModkit/Content/_DRGModding/_LesnovMods/__Testing__/AddingCustomWeapons/BP_CustomWeaponLoader.uasset" 78
"C:/Users/lesno/OneDrive/Documents/Unreal Projects/DRGCustomModkit/Content/_DRGModding/_LesnovMods/__Testing__/AddingCustomWeapons/BP_CustomWeaponLoader.uexp" 79
"C:/Users/lesno/OneDrive/Documents/Unreal Projects/DRGCustomModkit/Content/_DRGModding/_LesnovMods/GameplayMods/NewFolder/InitSpacerig.uasset" 80
"C:/Users/lesno/OneDrive/Documents/Unreal Projects/DRGCustomModkit/Content/_DRGModding/_LesnovMods/GameplayMods/NewFolder/InitSpacerig.uexp" 81
"../../../Engine/Content/Animation/DefaultAnimBoneCompressionSettings.uasset" 82
"../../../Engine/Content/Animation/DefaultAnimBoneCompressionSettings.uexp" 83
"../../../Engine/Content/Animation/DefaultAnimCurveCompressionSettings.uasset" 84
"../../../Engine/Content/Animation/DefaultAnimCurveCompressionSettings.uexp" 85
"../../../Engine/Content/EngineMaterials/WorldGridMaterial.uasset" 86
"../../../Engine/Content/EngineMaterials/WorldGridMaterial.uexp" 87
"../../../Engine/Content/ArtTools/RenderToTexture/Meshes/S_1_Unit_Plane.uasset" 88
"../../../Engine/Content/ArtTools/RenderToTexture/Meshes/S_1_Unit_Plane.uexp" 89
"../../../Engine/Content/BasicShapes/BasicShapeMaterial.uasset" 90
"../../../Engine/Content/BasicShapes/BasicShapeMaterial.uexp" 91
"../../../Engine/Content/BasicShapes/Cone.uasset" 92
"../../../Engine/Content/BasicShapes/Cone.uexp" 93
"../../../Engine/Content/BasicShapes/Cube.uasset" 94
"../../../Engine/Content/BasicShapes/Cube.uexp" 95
"../../../Engine/Content/BasicShapes/Cylinder.uasset" 96
"../../../Engine/Content/BasicShapes/Cylinder.uexp" 97
"../../../Engine/Content/BasicShapes/Plane.uasset" 98
"../../../Engine/Content/BasicShapes/Plane.uexp" 99
"../../../Engine/Content/EditorLandscapeResources/DataLayer.uasset" 100
"../../../Engine/Content/EditorLandscapeResources/DataLayer.uexp" 101
"../../../Engine/Content/EditorLandscapeResources/DefaultAlphaTexture.uasset" 102
"../../../Engine/Content/EditorLandscapeResources/DefaultAlphaTexture.uexp" 103
"../../../Engine/Content/EditorMaterials/MAT_Groups_Toggle.uasset" 104
"../../../Engine/Content/EditorMaterials/MAT_Groups_Toggle.uexp" 105
"../../../Engine/Content/EditorMaterials/MAT_Groups_Visibility.uasset" 106
"../../../Engine/Content/EditorMaterials/MAT_Groups_Visibility.uexp" 107
"../../../Engine/Content/EditorMaterials/PreviewShadowIndicator.uasset" 108
"../../../Engine/Content/EditorMaterials/PreviewShadowIndicator.uexp" 109
"../../../Engine/Content/EditorMaterials/PreviewShadowIndicator.ubulk" 110
"../../../Engine/Content/EditorMaterials/PreviewShadowIndicatorMaterial.uasset" 111
"../../../Engine/Content/EditorMaterials/PreviewShadowIndicatorMaterial.uexp" 112
"../../../Engine/Content/EditorMaterials/MatineeGroups/MAT_ColorTrack.uasset" 113
"../../../Engine/Content/EditorMaterials/MatineeGroups/MAT_ColorTrack.uexp" 114
"../../../Engine/Content/EditorMaterials/MatineeGroups/MAT_Groups_Anim.uasset" 115
"../../../Engine/Content/EditorMaterials/MatineeGroups/MAT_Groups_Anim.uexp" 116
"../../../Engine/Content/EditorMaterials/MatineeGroups/MAT_Groups_AudioMaster.uasset" 117
"../../../Engine/Content/EditorMaterials/MatineeGroups/MAT_Groups_AudioMaster.uexp" 118
"../../../Engine/Content/EditorMaterials/MatineeGroups/MAT_Groups_Director.uasset" 119
"../../../Engine/Content/EditorMaterials/MatineeGroups/MAT_Groups_Director.uexp" 120
"../../../Engine/Content/EditorMaterials/MatineeGroups/MAT_Groups_Event.uasset" 121
"../../../Engine/Content/EditorMaterials/MatineeGroups/MAT_Groups_Event.uexp" 122
"../../../Engine/Content/EditorMaterials/MatineeGroups/MAT_Groups_Fade.uasset" 123
"../../../Engine/Content/EditorMaterials/MatineeGroups/MAT_Groups_Fade.uexp" 124
"../../../Engine/Content/EditorMaterials/MatineeGroups/MAT_Groups_Float.uasset" 125
"../../../Engine/Content/EditorMaterials/MatineeGroups/MAT_Groups_Float.uexp" 126
"../../../Engine/Content/EditorMaterials/MatineeGroups/MAT_Groups_Move.uasset" 127
"../../../Engine/Content/EditorMaterials/MatineeGroups/MAT_Groups_Move.uexp" 128
"../../../Engine/Content/EditorMaterials/MatineeGroups/MAT_Groups_Slomo.uasset" 129
"../../../Engine/Content/EditorMaterials/MatineeGroups/MAT_Groups_Slomo.uexp" 130
"../../../Engine/Content/EditorMaterials/MatineeGroups/MAT_Groups_Sound.uasset" 131
"../../../Engine/Content/EditorMaterials/MatineeGroups/MAT_Groups_Sound.uexp" 132
"../../../Engine/Content/EditorMaterials/MatineeGroups/MAT_Groups_Vector.uasset" 133
"../../../Engine/Content/EditorMaterials/MatineeGroups/MAT_Groups_Vector.uexp" 134
"../../../Engine/Content/EditorMaterials/ParticleSystems/PSysThumbnail_NoImage.uasset" 135
"../../../Engine/Content/EditorMaterials/ParticleSystems/PSysThumbnail_NoImage.uexp" 136
"../../../Engine/Content/EditorMaterials/ParticleSystems/PSysThumbnail_NoImage.ubulk" 137
"../../../Engine/Content/EditorMaterials/ParticleSystems/PSysThumbnail_OOD.uasset" 138
"../../../Engine/Content/EditorMaterials/ParticleSystems/PSysThumbnail_OOD.uexp" 139
"../../../Engine/Content/EditorMaterials/ParticleSystems/PSysThumbnail_OOD.ubulk" 140
"../../../Engine/Content/EditorMaterials/Camera/CineMat.uasset" 141
"../../../Engine/Content/EditorMaterials/Camera/CineMat.uexp" 142
"../../../Engine/Content/EditorMaterials/Camera/MI_CineMat_Rig.uasset" 143
"../../../Engine/Content/EditorMaterials/Camera/MI_CineMat_Rig.uexp" 144
"../../../Engine/Content/EditorMeshes/Camera/SM_CraneRig_Arm.uasset" 145
"../../../Engine/Content/EditorMeshes/Camera/SM_CraneRig_Arm.uexp" 146
"../../../Engine/Content/EditorMeshes/Camera/SM_CraneRig_Base.uasset" 147
"../../../Engine/Content/EditorMeshes/Camera/SM_CraneRig_Base.uexp" 148
"../../../Engine/Content/EditorMeshes/Camera/SM_CraneRig_Body.uasset" 149
"../../../Engine/Content/EditorMeshes/Camera/SM_CraneRig_Body.uexp" 150
"../../../Engine/Content/EditorMeshes/Camera/SM_CraneRig_Mount.uasset" 151
"../../../Engine/Content/EditorMeshes/Camera/SM_CraneRig_Mount.uexp" 152
"../../../Engine/Content/EditorMeshes/Camera/SM_RailRig_Mount.uasset" 153
"../../../Engine/Content/EditorMeshes/Camera/SM_RailRig_Mount.uexp" 154
"../../../Engine/Content/EditorMeshes/Camera/SM_RailRig_Track.uasset" 155
"../../../Engine/Content/EditorMeshes/Camera/SM_RailRig_Track.uexp" 156
"../../../Engine/Content/EditorMeshes/SkeletalMesh/DefaultSkeletalMesh_Skeleton.uasset" 157
"../../../Engine/Content/EditorMeshes/SkeletalMesh/DefaultSkeletalMesh_Skeleton.uexp" 158
"../../../Engine/Content/EditorResources/BSPVertex.uasset" 159
"../../../Engine/Content/EditorResources/BSPVertex.uexp" 160
"../../../Engine/Content/EditorResources/S_Actor.uasset" 161
"../../../Engine/Content/EditorResources/S_Actor.uexp" 162
"../../../Engine/Content/EditorResources/S_Actor.ubulk" 163
"../../../Engine/Content/EditorResources/S_Note.uasset" 164
"../../../Engine/Content/EditorResources/S_Note.uexp" 165
"../../../Engine/Content/EditorResources/S_Note.ubulk" 166
"../../../Engine/Content/EditorResources/S_Solver.uasset" 167
"../../../Engine/Content/EditorResources/S_Solver.uexp" 168
"../../../Engine/Content/EditorResources/S_Solver.ubulk" 169
"../../../Engine/Content/EditorResources/S_Terrain.uasset" 170
"../../../Engine/Content/EditorResources/S_Terrain.uexp" 171
"../../../Engine/Content/EditorResources/S_Terrain.ubulk" 172
"../../../Engine/Content/EditorResources/S_Trigger.uasset" 173
"../../../Engine/Content/EditorResources/S_Trigger.uexp" 174
"../../../Engine/Content/EditorResources/S_Trigger.ubulk" 175
"../../../Engine/Content/EditorResources/SequenceRecorder/Countdown.uasset" 176
"../../../Engine/Content/EditorResources/SequenceRecorder/Countdown.uexp" 177
"../../../Engine/Content/EditorResources/SequenceRecorder/RecordingIndicator.uasset" 178
"../../../Engine/Content/EditorResources/SequenceRecorder/RecordingIndicator.uexp" 179
"../../../Engine/Content/EngineDamageTypes/DmgTypeBP_Environmental.uasset" 180
"../../../Engine/Content/EngineDamageTypes/DmgTypeBP_Environmental.uexp" 181
"../../../Engine/Content/EngineDebugMaterials/DebugEditorMaterial.uasset" 182
"../../../Engine/Content/EngineDebugMaterials/DebugEditorMaterial.uexp" 183
"../../../Engine/Content/EngineDebugMaterials/DebugMeshMaterial.uasset" 184
"../../../Engine/Content/EngineDebugMaterials/DebugMeshMaterial.uexp" 185
"../../../Engine/Content/EngineDebugMaterials/HeatmapGradient.uasset" 186
"../../../Engine/Content/EngineDebugMaterials/HeatmapGradient.uexp" 187
"../../../Engine/Content/EngineDebugMaterials/HeatmapGradient.ubulk" 188
"../../../Engine/Content/EngineDebugMaterials/M_SimpleUnlitTranslucent.uasset" 189
"../../../Engine/Content/EngineDebugMaterials/M_SimpleUnlitTranslucent.uexp" 190
"../../../Engine/Content/EngineDebugMaterials/VolumeToRender.uasset" 191
"../../../Engine/Content/EngineDebugMaterials/VolumeToRender.uexp" 192
"../../../Engine/Content/Functions/Engine_MaterialFunctions02/Utility/CameraDirectionVector.uasset" 193
"../../../Engine/Content/Functions/Engine_MaterialFunctions02/Utility/CameraDirectionVector.uexp" 194
"../../../Engine/Content/EngineDebugMaterials/M_VolumeRenderSphereTracePP.uasset" 195
"../../../Engine/Content/EngineDebugMaterials/M_VolumeRenderSphereTracePP.uexp" 196
"../../../Engine/Content/EngineFonts/Faces/RobotoRegular.uasset" 197
"../../../Engine/Content/EngineFonts/Faces/RobotoRegular.uexp" 198
"../../../Engine/Content/EngineFonts/Faces/RobotoRegular.ufont" 199
"../../../Engine/Content/EngineFonts/Faces/RobotoLight.uasset" 200
"../../../Engine/Content/EngineFonts/Faces/RobotoLight.uexp" 201
"../../../Engine/Content/EngineFonts/Faces/RobotoLight.ufont" 202
"../../../Engine/Content/EngineFonts/Faces/RobotoItalic.uasset" 203
"../../../Engine/Content/EngineFonts/Faces/RobotoItalic.uexp" 204
"../../../Engine/Content/EngineFonts/Faces/RobotoItalic.ufont" 205
"../../../Engine/Content/EngineFonts/Faces/RobotoBoldItalic.uasset" 206
"../../../Engine/Content/EngineFonts/Faces/RobotoBoldItalic.uexp" 207
"../../../Engine/Content/EngineFonts/Faces/RobotoBoldItalic.ufont" 208
"../../../Engine/Content/EngineFonts/Faces/RobotoBold.uasset" 209
"../../../Engine/Content/EngineFonts/Faces/RobotoBold.uexp" 210
"../../../Engine/Content/EngineFonts/Faces/RobotoBold.ufont" 211
"../../../Engine/Content/EngineFonts/Faces/DroidSansFallback.uasset" 212
"../../../Engine/Content/EngineFonts/Faces/DroidSansFallback.uexp" 213
"../../../Engine/Content/EngineFonts/Faces/DroidSansFallback.ufont" 214
"../../../Engine/Content/EngineFonts/Roboto.uasset" 215
"../../../Engine/Content/EngineFonts/Roboto.uexp" 216
"../../../Engine/Content/EngineMaterials/BaseFlattenNormalMap.uasset" 217
"../../../Engine/Content/EngineMaterials/BaseFlattenNormalMap.uexp" 218
"../../../Engine/Content/EngineMaterials/BaseFlattenGrayscaleMap.uasset" 219
"../../../Engine/Content/EngineMaterials/BaseFlattenGrayscaleMap.uexp" 220
"../../../Engine/Content/EngineMaterials/BaseFlattenEmissiveMap.uasset" 221
"../../../Engine/Content/EngineMaterials/BaseFlattenEmissiveMap.uexp" 222
"../../../Engine/Content/EngineMaterials/BaseFlattenDiffuseMap.uasset" 223
"../../../Engine/Content/EngineMaterials/BaseFlattenDiffuseMap.uexp" 224
"../../../Engine/Content/EngineMaterials/BaseFlattenMaterial.uasset" 225
"../../../Engine/Content/EngineMaterials/BaseFlattenMaterial.uexp" 226
"../../../Engine/Content/EngineMaterials/BlendFunc_DefBase.uasset" 227
"../../../Engine/Content/EngineMaterials/BlendFunc_DefBase.uexp" 228
"../../../Engine/Content/EngineMaterials/BlendFunc_DefBlend.uasset" 229
"../../../Engine/Content/EngineMaterials/BlendFunc_DefBlend.uexp" 230
"../../../Engine/Content/EngineMaterials/BlueNoise.uasset" 231
"../../../Engine/Content/EngineMaterials/BlueNoise.uexp" 232
"../../../Engine/Content/EngineMaterials/DefaultBokeh.uasset" 233
"../../../Engine/Content/EngineMaterials/DefaultBokeh.uexp" 234
"../../../Engine/Content/EngineMaterials/DefaultDiffuse.uasset" 235
"../../../Engine/Content/EngineMaterials/DefaultDiffuse.uexp" 236
"../../../Engine/Content/EngineMaterials/DefaultDiffuse.ubulk" 237
"../../../Engine/Content/EngineMaterials/DefaultDeferredDecalMaterial.uasset" 238
"../../../Engine/Content/EngineMaterials/DefaultDeferredDecalMaterial.uexp" 239
"../../../Engine/Content/EngineMaterials/DefaultLightFunctionMaterial.uasset" 240
"../../../Engine/Content/EngineMaterials/DefaultLightFunctionMaterial.uexp" 241
"../../../Engine/Content/EngineMaterials/OrientParticle.uasset" 242
"../../../Engine/Content/EngineMaterials/OrientParticle.uexp" 243
"../../../Engine/Content/EngineMaterials/DefaultParticle.uasset" 244
"../../../Engine/Content/EngineMaterials/DefaultParticle.uexp" 245
"../../../Engine/Content/EngineMaterials/DefaultPhysicalMaterial.uasset" 246
"../../../Engine/Content/EngineMaterials/DefaultPhysicalMaterial.uexp" 247
"../../../Engine/Content/Functions/Engine_MaterialFunctions02/Utility/BreakOutFloat2Components.uasset" 248
"../../../Engine/Content/Functions/Engine_MaterialFunctions02/Utility/BreakOutFloat2Components.uexp" 249
"../../../Engine/Content/EngineMaterials/DefaultPostProcessMaterial.uasset" 250
"../../../Engine/Content/EngineMaterials/DefaultPostProcessMaterial.uexp" 251
"../../../Engine/Content/EngineFonts/RobotoDistanceField.uasset" 252
"../../../Engine/Content/EngineFonts/RobotoDistanceField.uexp" 253
"../../../Engine/Content/EngineMaterials/DefaultTextMaterialOpaque.uasset" 254
"../../../Engine/Content/EngineMaterials/DefaultTextMaterialOpaque.uexp" 255
"../../../Engine/Content/EngineMaterials/DefaultWhiteGrid.uasset" 256
"../../../Engine/Content/EngineMaterials/DefaultWhiteGrid.uexp" 257
"../../../Engine/Content/EngineMaterials/DefaultWhiteGrid.ubulk" 258
"../../../Engine/Content/EngineMaterials/DefaultWhiteGrid_Low.uasset" 259
"../../../Engine/Content/EngineMaterials/DefaultWhiteGrid_Low.uexp" 260
"../../../Engine/Content/EngineMaterials/EmissiveMeshMaterial.uasset" 261
"../../../Engine/Content/EngineMaterials/EmissiveMeshMaterial.uexp" 262
"../../../Engine/Content/EngineMaterials/GizmoMaterial.uasset" 263
"../../../Engine/Content/EngineMaterials/GizmoMaterial.uexp" 264
"../../../Engine/Content/EngineMaterials/Good64x64TilingNoiseHighFreq.uasset" 265
"../../../Engine/Content/EngineMaterials/Good64x64TilingNoiseHighFreq.uexp" 266
"../../../Engine/Content/EngineMaterials/MiniFont.uasset" 267
"../../../Engine/Content/EngineMaterials/MiniFont.uexp" 268
"../../../Engine/Content/EngineMaterials/InvalidLightmapSettings.uasset" 269
"../../../Engine/Content/EngineMaterials/InvalidLightmapSettings.uexp" 270
"../../../Engine/Content/EngineMaterials/InvalidLightmapSettings.ubulk" 271
"../../../Engine/Content/EngineMaterials/M_InvalidLightmapSettings.uasset" 272
"../../../Engine/Content/EngineMaterials/M_InvalidLightmapSettings.uexp" 273
"../../../Engine/Content/Functions/Engine_MaterialFunctions02/WorldPositionOffset/CameraOffset.uasset" 274
"../../../Engine/Content/Functions/Engine_MaterialFunctions02/WorldPositionOffset/CameraOffset.uexp" 275
"../../../Engine/Content/EngineMaterials/PhAT_JointLimitMaterial.uasset" 276
"../../../Engine/Content/EngineMaterials/PhAT_JointLimitMaterial.uexp" 277
"../../../Engine/Content/EngineMaterials/DefaultCalibrationColor.uasset" 278
"../../../Engine/Content/EngineMaterials/DefaultCalibrationColor.uexp" 279
"../../../Engine/Content/EngineMaterials/PPM_DefaultCalibrationColor.uasset" 280
"../../../Engine/Content/EngineMaterials/PPM_DefaultCalibrationColor.uexp" 281
"../../../Engine/Content/EngineMaterials/DefaultCalibrationGrayscale.uasset" 282
"../../../Engine/Content/EngineMaterials/DefaultCalibrationGrayscale.uexp" 283
"../../../Engine/Content/EngineMaterials/PPM_DefaultCalibrationGrayscale.uasset" 284
"../../../Engine/Content/EngineMaterials/PPM_DefaultCalibrationGrayscale.uexp" 285
"../../../Engine/Content/EngineMaterials/PreintegratedSkinBRDF.uasset" 286
"../../../Engine/Content/EngineMaterials/PreintegratedSkinBRDF.uexp" 287
"../../../Engine/Content/EngineMaterials/RemoveSurfaceMaterial.uasset" 288
"../../../Engine/Content/EngineMaterials/RemoveSurfaceMaterial.uexp" 289
"../../../Engine/Content/EngineMaterials/WeightMapPlaceholderTexture.uasset" 290
"../../../Engine/Content/EngineMaterials/WeightMapPlaceholderTexture.uexp" 291
"../../../Engine/Content/EngineResources/WhiteSquareTexture.uasset" 292
"../../../Engine/Content/EngineResources/WhiteSquareTexture.uexp" 293
"../../../Engine/Content/EngineMaterials/Widget3DPassThrough.uasset" 294
"../../../Engine/Content/EngineMaterials/Widget3DPassThrough.uexp" 295
"../../../Engine/Content/EngineMaterials/Widget3DPassThrough_Masked.uasset" 296
"../../../Engine/Content/EngineMaterials/Widget3DPassThrough_Masked.uexp" 297
"../../../Engine/Content/EngineMaterials/Widget3DPassThrough_Opaque.uasset" 298
"../../../Engine/Content/EngineMaterials/Widget3DPassThrough_Opaque.uexp" 299
"../../../Engine/Content/EngineMaterials/Widget3DPassThrough_Masked_OneSided.uasset" 300
"../../../Engine/Content/EngineMaterials/Widget3DPassThrough_Masked_OneSided.uexp" 301
"../../../Engine/Content/EngineMaterials/Widget3DPassThrough_Opaque_OneSided.uasset" 302
"../../../Engine/Content/EngineMaterials/Widget3DPassThrough_Opaque_OneSided.uexp" 303
"../../../Engine/Content/EngineMaterials/Widget3DPassThrough_Translucent.uasset" 304
"../../../Engine/Content/EngineMaterials/Widget3DPassThrough_Translucent.uexp" 305
"../../../Engine/Content/EngineMaterials/Widget3DPassThrough_Translucent_OneSided.uasset" 306
"../../../Engine/Content/EngineMaterials/Widget3DPassThrough_Translucent_OneSided.uexp" 307
"../../../Engine/Content/EngineMeshes/Sphere.uasset" 308
"../../../Engine/Content/EngineMeshes/Sphere.uexp" 309
"../../../Engine/Content/EngineResources/DefaultTexture.uasset" 310
"../../../Engine/Content/EngineResources/DefaultTexture.uexp" 311
"../../../Engine/Content/EngineResources/DefaultTexture.ubulk" 312
"../../../Engine/Content/EngineResources/DefaultTextureCube.uasset" 313
"../../../Engine/Content/EngineResources/DefaultTextureCube.uexp" 314
"../../../Engine/Content/EngineResources/DefaultVolumeTexture2D.uasset" 315
"../../../Engine/Content/EngineResources/DefaultVolumeTexture2D.uexp" 316
"../../../Engine/Content/EngineResources/DefaultVolumeTexture.uasset" 317
"../../../Engine/Content/EngineResources/DefaultVolumeTexture.uexp" 318
"../../../Engine/Content/EngineResources/GradientTexture0.uasset" 319
"../../../Engine/Content/EngineResources/GradientTexture0.uexp" 320
"../../../Engine/Content/EngineSky/VolumetricClouds/CloudGradientTexture.uasset" 321
"../../../Engine/Content/EngineSky/VolumetricClouds/CloudGradientTexture.uexp" 322
"../../../Engine/Content/EngineSky/VolumetricClouds/T_NoiseShape64.uasset" 323
"../../../Engine/Content/EngineSky/VolumetricClouds/T_NoiseShape64.uexp" 324
"../../../Engine/Content/EngineSky/VolumetricClouds/T_NoiseShape64.ubulk" 325
"../../../Engine/Content/EngineSky/VolumetricClouds/T_VolumeNoiseShape64.uasset" 326
"../../../Engine/Content/EngineSky/VolumetricClouds/T_VolumeNoiseShape64.uexp" 327
"../../../Engine/Content/EngineSky/VolumetricClouds/T_NoiseErosion.uasset" 328
"../../../Engine/Content/EngineSky/VolumetricClouds/T_NoiseErosion.uexp" 329
"../../../Engine/Content/EngineSky/VolumetricClouds/T_NoiseErosion.ubulk" 330
"../../../Engine/Content/EngineSky/VolumetricClouds/T_VolumeNoiseErosion32.uasset" 331
"../../../Engine/Content/EngineSky/VolumetricClouds/T_VolumeNoiseErosion32.uexp" 332
"../../../Engine/Content/Functions/Engine_MaterialFunctions02/Utility/MakeFloat2.uasset" 333
"../../../Engine/Content/Functions/Engine_MaterialFunctions02/Utility/MakeFloat2.uexp" 334
"../../../Engine/Content/EngineSky/VolumetricClouds/CloudWeatherTexture.uasset" 335
"../../../Engine/Content/EngineSky/VolumetricClouds/CloudWeatherTexture.uexp" 336
"../../../Engine/Content/EngineSky/VolumetricClouds/m_SimpleVolumetricCloud.uasset" 337
"../../../Engine/Content/EngineSky/VolumetricClouds/m_SimpleVolumetricCloud.uexp" 338
"../../../Engine/Content/EngineSky/VolumetricClouds/m_SimpleVolumetricCloud_Inst.uasset" 339
"../../../Engine/Content/EngineSky/VolumetricClouds/m_SimpleVolumetricCloud_Inst.uexp" 340
"../../../Engine/Content/EngineSounds/Master.uasset" 341
"../../../Engine/Content/EngineSounds/Master.uexp" 342
"../../../Engine/Content/Functions/Engine_MaterialFunctions02/Utility/VectorLength.uasset" 343
"../../../Engine/Content/Functions/Engine_MaterialFunctions02/Utility/VectorLength.uexp" 344
"../../../Engine/Content/Functions/Engine_MaterialFunctions01/Gradient/BoxMask-2D.uasset" 345
"../../../Engine/Content/Functions/Engine_MaterialFunctions01/Gradient/BoxMask-2D.uexp" 346
"../../../Engine/Content/Functions/Engine_MaterialFunctions01/Gradient/GeneratedRoundRect.uasset" 347
"../../../Engine/Content/Functions/Engine_MaterialFunctions01/Gradient/GeneratedRoundRect.uexp" 348
"../../../Engine/Content/Functions/Engine_MaterialFunctions01/Density/ExponentialDensity.uasset" 349
"../../../Engine/Content/Functions/Engine_MaterialFunctions01/Density/ExponentialDensity.uexp" 350
"../../../Engine/Content/Functions/Engine_MaterialFunctions01/Gradient/RadialGradientExponential.uasset" 351
"../../../Engine/Content/Functions/Engine_MaterialFunctions01/Gradient/RadialGradientExponential.uexp" 352
"../../../Engine/Content/Functions/Engine_MaterialFunctions01/ImageAdjustment/Contrast_Preserve_Color.uasset" 353
"../../../Engine/Content/Functions/Engine_MaterialFunctions01/ImageAdjustment/Contrast_Preserve_Color.uexp" 354
"../../../Engine/Content/Functions/Engine_MaterialFunctions01/Shading/ConvertFromDiffSpec.uasset" 355
"../../../Engine/Content/Functions/Engine_MaterialFunctions01/Shading/ConvertFromDiffSpec.uexp" 356
"../../../Engine/Content/Functions/Engine_MaterialFunctions01/Shading/PowerToRoughness.uasset" 357
"../../../Engine/Content/Functions/Engine_MaterialFunctions01/Shading/PowerToRoughness.uexp" 358
"../../../Engine/Content/Functions/Engine_MaterialFunctions01/Gradient/LinearGradient.uasset" 359
"../../../Engine/Content/Functions/Engine_MaterialFunctions01/Gradient/LinearGradient.uexp" 360
"../../../Engine/Content/Functions/Engine_MaterialFunctions01/ImageAdjustment/CheapContrast.uasset" 361
"../../../Engine/Content/Functions/Engine_MaterialFunctions01/ImageAdjustment/CheapContrast.uexp" 362
"../../../Engine/Content/Functions/Engine_MaterialFunctions01/Texturing/LocalAlignedTexture.uasset" 363
"../../../Engine/Content/Functions/Engine_MaterialFunctions01/Texturing/LocalAlignedTexture.uexp" 364
"../../../Engine/Content/Functions/Engine_MaterialFunctions01/Texturing/ScaleUVsByCenter.uasset" 365
"../../../Engine/Content/Functions/Engine_MaterialFunctions01/Texturing/ScaleUVsByCenter.uexp" 366
"../../../Engine/Content/Functions/Engine_MaterialFunctions01/Texturing/WorldAlignedTexture.uasset" 367
"../../../Engine/Content/Functions/Engine_MaterialFunctions01/Texturing/WorldAlignedTexture.uexp" 368
"../../../Engine/Content/Functions/Engine_MaterialFunctions02/SplitComponents.uasset" 369
"../../../Engine/Content/Functions/Engine_MaterialFunctions02/SplitComponents.uexp" 370
"../../../Engine/Content/Functions/Engine_MaterialFunctions02/Math/AddComponents.uasset" 371
"../../../Engine/Content/Functions/Engine_MaterialFunctions02/Math/AddComponents.uexp" 372
"../../../Engine/Content/Functions/Engine_MaterialFunctions02/Math/MultiplyAdd.uasset" 373
"../../../Engine/Content/Functions/Engine_MaterialFunctions02/Math/MultiplyAdd.uexp" 374
"../../../Engine/Content/Functions/Engine_MaterialFunctions02/Utility/BreakOutFloat3Components.uasset" 375
"../../../Engine/Content/Functions/Engine_MaterialFunctions02/Utility/BreakOutFloat3Components.uexp" 376
"../../../Engine/Content/Functions/Engine_MaterialFunctions03/Math/RemapValueRange.uasset" 377
"../../../Engine/Content/Functions/Engine_MaterialFunctions03/Math/RemapValueRange.uexp" 378
"../../../Engine/Content/Maps/Templates/Thumbnails/Default.uasset" 379
"../../../Engine/Content/Maps/Templates/Thumbnails/Default.uexp" 380
"../../../Engine/Content/Maps/Templates/Thumbnails/TimeOfDay.uasset" 381
"../../../Engine/Content/Maps/Templates/Thumbnails/TimeOfDay.uexp" 382
"../../../Engine/Content/Maps/Templates/Thumbnails/VR-Basic.uasset" 383
"../../../Engine/Content/Maps/Templates/Thumbnails/VR-Basic.uexp" 384
"../../../Engine/Content/MobileResources/T_MobileControls_texture.uasset" 385
"../../../Engine/Content/MobileResources/T_MobileControls_texture.uexp" 386
"../../../Engine/Content/MobileResources/T_MobileMenu2.uasset" 387
"../../../Engine/Content/MobileResources/T_MobileMenu2.uexp" 388
"../../../Engine/Content/MobileResources/HUD/AnalogHat.uasset" 389
"../../../Engine/Content/MobileResources/HUD/AnalogHat.uexp" 390
"../../../Engine/Content/MobileResources/HUD/VirtualJoystick_Thumb.uasset" 391
"../../../Engine/Content/MobileResources/HUD/VirtualJoystick_Thumb.uexp" 392
"../../../Engine/Content/MobileResources/HUD/VirtualJoystick_Background.uasset" 393
"../../../Engine/Content/MobileResources/HUD/VirtualJoystick_Background.uexp" 394
"../../../Engine/Content/MobileResources/HUD/DefaultVirtualJoysticks.uasset" 395
"../../../Engine/Content/MobileResources/HUD/DefaultVirtualJoysticks.uexp" 396
"../../../Engine/Content/MobileResources/HUD/LeftVirtualJoystickOnly.uasset" 397
"../../../Engine/Content/MobileResources/HUD/LeftVirtualJoystickOnly.uexp" 398
"../../../Engine/Content/MobileResources/HUD/MobileHUDButton1_off.uasset" 399
"../../../Engine/Content/MobileResources/HUD/MobileHUDButton1_off.uexp" 400
"../../../Engine/Content/MobileResources/HUD/MobileHUDButton1_on.uasset" 401
"../../../Engine/Content/MobileResources/HUD/MobileHUDButton1_on.uexp" 402
"../../../Engine/Content/MobileResources/HUD/MobileHUDButton2_off.uasset" 403
"../../../Engine/Content/MobileResources/HUD/MobileHUDButton2_off.uexp" 404
"../../../Engine/Content/MobileResources/HUD/MobileHUDButton2_on.uasset" 405
"../../../Engine/Content/MobileResources/HUD/MobileHUDButton2_on.uexp" 406
"../../../Engine/Content/MobileResources/HUD/MobileHUDButton3.uasset" 407
"../../../Engine/Content/MobileResources/HUD/MobileHUDButton3.uexp" 408
"../../../Engine/Content/MobileResources/HUD/MobileHUDButtonFire.uasset" 409
"../../../Engine/Content/MobileResources/HUD/MobileHUDButtonFire.uexp" 410
"../../../Engine/Content/MobileResources/HUD/MobileHUDDirectionPad.uasset" 411
"../../../Engine/Content/MobileResources/HUD/MobileHUDDirectionPad.uexp" 412
"../../../Engine/Content/MobileResources/HUD/MobileHUDDirectionPad2.uasset" 413
"../../../Engine/Content/MobileResources/HUD/MobileHUDDirectionPad2.uexp" 414
"../../../Engine/Content/MobileResources/HUD/MobileHUDDirectionPad3.uasset" 415
"../../../Engine/Content/MobileResources/HUD/MobileHUDDirectionPad3.uexp" 416
"../../../Engine/Content/MobileResources/HUD/MobileHUDDirectionStick.uasset" 417
"../../../Engine/Content/MobileResources/HUD/MobileHUDDirectionStick.uexp" 418
"../../../Engine/Content/MobileResources/HUD/T_Castle_ThumbstickInner.uasset" 419
"../../../Engine/Content/MobileResources/HUD/T_Castle_ThumbstickInner.uexp" 420
"../../../Engine/Content/MobileResources/HUD/T_Castle_ThumbstickOutter.uasset" 421
"../../../Engine/Content/MobileResources/HUD/T_Castle_ThumbstickOutter.uexp" 422
"../../../Engine/Content/Tutorial/ContentIntroCurve.uasset" 423
"../../../Engine/Content/Tutorial/ContentIntroCurve.uexp" 424
"../../../Engine/Content/VREditor/TransformGizmo/TranslucentTransformGizmoMaterial.uasset" 425
"../../../Engine/Content/VREditor/TransformGizmo/TranslucentTransformGizmoMaterial.uexp" 426
"../../../Engine/Content/VREditor/LaserPointer/VR_LaserPower_01.uasset" 427
"../../../Engine/Content/VREditor/LaserPointer/VR_LaserPower_01.uexp" 428
"../../../Engine/Content/VREditor/LaserPointer/VR_LaserPower_01.ubulk" 429
"../../../Engine/Content/VREditor/TransformGizmo/TransformGizmoMaterial.uasset" 430
"../../../Engine/Content/VREditor/TransformGizmo/TransformGizmoMaterial.uexp" 431
"../../../Engine/Content/VREditor/TransformGizmo/BoundingBoxCorner.uasset" 432
"../../../Engine/Content/VREditor/TransformGizmo/BoundingBoxCorner.uexp" 433
"../../../Engine/Content/VREditor/TransformGizmo/BoundingBoxEdge.uasset" 434
"../../../Engine/Content/VREditor/TransformGizmo/BoundingBoxEdge.uexp" 435
"../../../Engine/Content/VREditor/TransformGizmo/PlaneTranslationHandle.uasset" 436
"../../../Engine/Content/VREditor/TransformGizmo/PlaneTranslationHandle.uexp" 437
"../../../Engine/Content/VREditor/TransformGizmo/Xray.uasset" 438
"../../../Engine/Content/VREditor/TransformGizmo/Xray.uexp" 439
"../../../Engine/Content/VREditor/TransformGizmo/Main.uasset" 440
"../../../Engine/Content/VREditor/TransformGizmo/Main.uexp" 441
"../../../Engine/Content/VREditor/TransformGizmo/SM_Sequencer_Key.uasset" 442
"../../../Engine/Content/VREditor/TransformGizmo/SM_Sequencer_Key.uexp" 443
"../../../Engine/Content/VREditor/TransformGizmo/SM_Sequencer_Node.uasset" 444
"../../../Engine/Content/VREditor/TransformGizmo/SM_Sequencer_Node.uexp" 445
"../../../Engine/Plugins/Experimental/ControlRig/Content/M_Manip.uasset" 446
"../../../Engine/Plugins/Experimental/ControlRig/Content/M_Manip.uexp" 447
"../../../Engine/Plugins/Experimental/ControlRig/Content/Controls/ControlRigGizmoMaterial.uasset" 448
"../../../Engine/Plugins/Experimental/ControlRig/Content/Controls/ControlRigGizmoMaterial.uexp" 449
"../../../Engine/Plugins/Experimental/ControlRig/Content/Controls/ControlRig_Arrow2_1mm.uasset" 450
"../../../Engine/Plugins/Experimental/ControlRig/Content/Controls/ControlRig_Arrow2_1mm.uexp" 451
"../../../Engine/Plugins/Experimental/ControlRig/Content/Controls/ControlRig_Arrow2_3mm.uasset" 452
"../../../Engine/Plugins/Experimental/ControlRig/Content/Controls/ControlRig_Arrow2_3mm.uexp" 453
"../../../Engine/Plugins/Experimental/ControlRig/Content/Controls/ControlRig_Arrow2_solid.uasset" 454
"../../../Engine/Plugins/Experimental/ControlRig/Content/Controls/ControlRig_Arrow2_solid.uexp" 455
"../../../Engine/Plugins/Experimental/ControlRig/Content/Controls/ControlRig_Arrow4_1mm.uasset" 456
"../../../Engine/Plugins/Experimental/ControlRig/Content/Controls/ControlRig_Arrow4_1mm.uexp" 457
"../../../Engine/Plugins/Experimental/ControlRig/Content/Controls/ControlRig_Arrow4_3mm.uasset" 458
"../../../Engine/Plugins/Experimental/ControlRig/Content/Controls/ControlRig_Arrow4_3mm.uexp" 459
"../../../Engine/Plugins/Experimental/ControlRig/Content/Controls/ControlRig_Arrow4_solid.uasset" 460
"../../../Engine/Plugins/Experimental/ControlRig/Content/Controls/ControlRig_Arrow4_solid.uexp" 461
"../../../Engine/Plugins/Experimental/ControlRig/Content/Controls/ControlRig_Arrow_1mm.uasset" 462
"../../../Engine/Plugins/Experimental/ControlRig/Content/Controls/ControlRig_Arrow_1mm.uexp" 463
"../../../Engine/Plugins/Experimental/ControlRig/Content/Controls/ControlRig_Arrow_3mm.uasset" 464
"../../../Engine/Plugins/Experimental/ControlRig/Content/Controls/ControlRig_Arrow_3mm.uexp" 465
"../../../Engine/Plugins/Experimental/ControlRig/Content/Controls/ControlRig_Arrow_solid.uasset" 466
"../../../Engine/Plugins/Experimental/ControlRig/Content/Controls/ControlRig_Arrow_solid.uexp" 467
"../../../Engine/Plugins/Experimental/ControlRig/Content/Controls/ControlRig_Box_1mm.uasset" 468
"../../../Engine/Plugins/Experimental/ControlRig/Content/Controls/ControlRig_Box_1mm.uexp" 469
"../../../Engine/Plugins/Experimental/ControlRig/Content/Controls/ControlRig_Box_3mm.uasset" 470
"../../../Engine/Plugins/Experimental/ControlRig/Content/Controls/ControlRig_Box_3mm.uexp" 471
"../../../Engine/Plugins/Experimental/ControlRig/Content/Controls/ControlRig_Box_solid.uasset" 472
"../../../Engine/Plugins/Experimental/ControlRig/Content/Controls/ControlRig_Box_solid.uexp" 473
"../../../Engine/Plugins/Experimental/ControlRig/Content/Controls/ControlRig_Circle_1mm.uasset" 474
"../../../Engine/Plugins/Experimental/ControlRig/Content/Controls/ControlRig_Circle_1mm.uexp" 475
"../../../Engine/Plugins/Experimental/ControlRig/Content/Controls/ControlRig_Circle_3mm.uasset" 476
"../../../Engine/Plugins/Experimental/ControlRig/Content/Controls/ControlRig_Circle_3mm.uexp" 477
"../../../Engine/Plugins/Experimental/ControlRig/Content/Controls/ControlRig_Circle_solid.uasset" 478
"../../../Engine/Plugins/Experimental/ControlRig/Content/Controls/ControlRig_Circle_solid.uexp" 479
"../../../Engine/Plugins/Experimental/ControlRig/Content/Controls/ControlRig_Diamond_1mm.uasset" 480
"../../../Engine/Plugins/Experimental/ControlRig/Content/Controls/ControlRig_Diamond_1mm.uexp" 481
"../../../Engine/Plugins/Experimental/ControlRig/Content/Controls/ControlRig_Diamond_3mm.uasset" 482
"../../../Engine/Plugins/Experimental/ControlRig/Content/Controls/ControlRig_Diamond_3mm.uexp" 483
"../../../Engine/Plugins/Experimental/ControlRig/Content/Controls/ControlRig_Diamond_solid.uasset" 484
"../../../Engine/Plugins/Experimental/ControlRig/Content/Controls/ControlRig_Diamond_solid.uexp" 485
"../../../Engine/Plugins/Experimental/ControlRig/Content/Controls/ControlRig_HalfCircle_1mm.uasset" 486
"../../../Engine/Plugins/Experimental/ControlRig/Content/Controls/ControlRig_HalfCircle_1mm.uexp" 487
"../../../Engine/Plugins/Experimental/ControlRig/Content/Controls/ControlRig_HalfCircle_3mm.uasset" 488
"../../../Engine/Plugins/Experimental/ControlRig/Content/Controls/ControlRig_HalfCircle_3mm.uexp" 489
"../../../Engine/Plugins/Experimental/ControlRig/Content/Controls/ControlRig_HalfCircle_solid.uasset" 490
"../../../Engine/Plugins/Experimental/ControlRig/Content/Controls/ControlRig_HalfCircle_solid.uexp" 491
"../../../Engine/Plugins/Experimental/ControlRig/Content/Controls/ControlRig_Hexagon_1mm.uasset" 492
"../../../Engine/Plugins/Experimental/ControlRig/Content/Controls/ControlRig_Hexagon_1mm.uexp" 493
"../../../Engine/Plugins/Experimental/ControlRig/Content/Controls/ControlRig_Hexagon_3mm.uasset" 494
"../../../Engine/Plugins/Experimental/ControlRig/Content/Controls/ControlRig_Hexagon_3mm.uexp" 495
"../../../Engine/Plugins/Experimental/ControlRig/Content/Controls/ControlRig_Hexagon_solid.uasset" 496
"../../../Engine/Plugins/Experimental/ControlRig/Content/Controls/ControlRig_Hexagon_solid.uexp" 497
"../../../Engine/Plugins/Experimental/ControlRig/Content/Controls/ControlRig_Octagon_1mm.uasset" 498
"../../../Engine/Plugins/Experimental/ControlRig/Content/Controls/ControlRig_Octagon_1mm.uexp" 499
"../../../Engine/Plugins/Experimental/ControlRig/Content/Controls/ControlRig_Octagon_3mm.uasset" 500
"../../../Engine/Plugins/Experimental/ControlRig/Content/Controls/ControlRig_Octagon_3mm.uexp" 501
"../../../Engine/Plugins/Experimental/ControlRig/Content/Controls/ControlRig_Octagon_solid.uasset" 502
"../../../Engine/Plugins/Experimental/ControlRig/Content/Controls/ControlRig_Octagon_solid.uexp" 503
"../../../Engine/Plugins/Experimental/ControlRig/Content/Controls/ControlRig_Pyramid_1mm.uasset" 504
"../../../Engine/Plugins/Experimental/ControlRig/Content/Controls/ControlRig_Pyramid_1mm.uexp" 505
"../../../Engine/Plugins/Experimental/ControlRig/Content/Controls/ControlRig_Pyramid_3mm.uasset" 506
"../../../Engine/Plugins/Experimental/ControlRig/Content/Controls/ControlRig_Pyramid_3mm.uexp" 507
"../../../Engine/Plugins/Experimental/ControlRig/Content/Controls/ControlRig_Pyramid_solid.uasset" 508
"../../../Engine/Plugins/Experimental/ControlRig/Content/Controls/ControlRig_Pyramid_solid.uexp" 509
"../../../Engine/Plugins/Experimental/ControlRig/Content/Controls/ControlRig_QuarterCircle_1mm.uasset" 510
"../../../Engine/Plugins/Experimental/ControlRig/Content/Controls/ControlRig_QuarterCircle_1mm.uexp" 511
"../../../Engine/Plugins/Experimental/ControlRig/Content/Controls/ControlRig_QuarterCircle_3mm.uasset" 512
"../../../Engine/Plugins/Experimental/ControlRig/Content/Controls/ControlRig_QuarterCircle_3mm.uexp" 513
"../../../Engine/Plugins/Experimental/ControlRig/Content/Controls/ControlRig_QuarterCircle_solid.uasset" 514
"../../../Engine/Plugins/Experimental/ControlRig/Content/Controls/ControlRig_QuarterCircle_solid.uexp" 515
"../../../Engine/Plugins/Experimental/ControlRig/Content/Controls/ControlRig_RoundedSquare_1mm.uasset" 516
"../../../Engine/Plugins/Experimental/ControlRig/Content/Controls/ControlRig_RoundedSquare_1mm.uexp" 517
"../../../Engine/Plugins/Experimental/ControlRig/Content/Controls/ControlRig_RoundedSquare_3mm.uasset" 518
"../../../Engine/Plugins/Experimental/ControlRig/Content/Controls/ControlRig_RoundedSquare_3mm.uexp" 519
"../../../Engine/Plugins/Experimental/ControlRig/Content/Controls/ControlRig_RoundedSquare_solid.uasset" 520
"../../../Engine/Plugins/Experimental/ControlRig/Content/Controls/ControlRig_RoundedSquare_solid.uexp" 521
"../../../Engine/Plugins/Experimental/ControlRig/Content/Controls/ControlRig_RoundedTriangle_1mm.uasset" 522
"../../../Engine/Plugins/Experimental/ControlRig/Content/Controls/ControlRig_RoundedTriangle_1mm.uexp" 523
"../../../Engine/Plugins/Experimental/ControlRig/Content/Controls/ControlRig_RoundedTriangle_3mm.uasset" 524
"../../../Engine/Plugins/Experimental/ControlRig/Content/Controls/ControlRig_RoundedTriangle_3mm.uexp" 525
"../../../Engine/Plugins/Experimental/ControlRig/Content/Controls/ControlRig_RoundedTriangle_solid.uasset" 526
"../../../Engine/Plugins/Experimental/ControlRig/Content/Controls/ControlRig_RoundedTriangle_solid.uexp" 527
"../../../Engine/Plugins/Experimental/ControlRig/Content/Controls/ControlRig_Sphere_1mm.uasset" 528
"../../../Engine/Plugins/Experimental/ControlRig/Content/Controls/ControlRig_Sphere_1mm.uexp" 529
"../../../Engine/Plugins/Experimental/ControlRig/Content/Controls/ControlRig_Sphere_3mm.uasset" 530
"../../../Engine/Plugins/Experimental/ControlRig/Content/Controls/ControlRig_Sphere_3mm.uexp" 531
"../../../Engine/Plugins/Experimental/ControlRig/Content/Controls/ControlRig_Sphere_solid.uasset" 532
"../../../Engine/Plugins/Experimental/ControlRig/Content/Controls/ControlRig_Sphere_solid.uexp" 533
"../../../Engine/Plugins/Experimental/ControlRig/Content/Controls/ControlRig_Square_1mm.uasset" 534
"../../../Engine/Plugins/Experimental/ControlRig/Content/Controls/ControlRig_Square_1mm.uexp" 535
"../../../Engine/Plugins/Experimental/ControlRig/Content/Controls/ControlRig_Square_3mm.uasset" 536
"../../../Engine/Plugins/Experimental/ControlRig/Content/Controls/ControlRig_Square_3mm.uexp" 537
"../../../Engine/Plugins/Experimental/ControlRig/Content/Controls/ControlRig_Square_solid.uasset" 538
"../../../Engine/Plugins/Experimental/ControlRig/Content/Controls/ControlRig_Square_solid.uexp" 539
"../../../Engine/Plugins/Experimental/ControlRig/Content/Controls/ControlRig_Star4_1mm.uasset" 540
"../../../Engine/Plugins/Experimental/ControlRig/Content/Controls/ControlRig_Star4_1mm.uexp" 541
"../../../Engine/Plugins/Experimental/ControlRig/Content/Controls/ControlRig_Star4_3mm.uasset" 542
"../../../Engine/Plugins/Experimental/ControlRig/Content/Controls/ControlRig_Star4_3mm.uexp" 543
"../../../Engine/Plugins/Experimental/ControlRig/Content/Controls/ControlRig_Star4_solid.uasset" 544
"../../../Engine/Plugins/Experimental/ControlRig/Content/Controls/ControlRig_Star4_solid.uexp" 545
"../../../Engine/Plugins/Experimental/ControlRig/Content/Controls/ControlRig_Triangle_1mm.uasset" 546
"../../../Engine/Plugins/Experimental/ControlRig/Content/Controls/ControlRig_Triangle_1mm.uexp" 547
"../../../Engine/Plugins/Experimental/ControlRig/Content/Controls/ControlRig_Triangle_3mm.uasset" 548
"../../../Engine/Plugins/Experimental/ControlRig/Content/Controls/ControlRig_Triangle_3mm.uexp" 549
"../../../Engine/Plugins/Experimental/ControlRig/Content/Controls/ControlRig_Triangle_solid.uasset" 550
"../../../Engine/Plugins/Experimental/ControlRig/Content/Controls/ControlRig_Triangle_solid.uexp" 551
"../../../Engine/Plugins/Experimental/ControlRig/Content/Controls/ControlRig_Wedge_1mm.uasset" 552
"../../../Engine/Plugins/Experimental/ControlRig/Content/Controls/ControlRig_Wedge_1mm.uexp" 553
"../../../Engine/Plugins/Experimental/ControlRig/Content/Controls/ControlRig_Wedge_3mm.uasset" 554
"../../../Engine/Plugins/Experimental/ControlRig/Content/Controls/ControlRig_Wedge_3mm.uexp" 555
"../../../Engine/Plugins/Experimental/ControlRig/Content/Controls/ControlRig_Wedge_solid.uasset" 556
"../../../Engine/Plugins/Experimental/ControlRig/Content/Controls/ControlRig_Wedge_solid.uexp" 557
"../../../Engine/Plugins/Experimental/ControlRig/Content/Controls/DefaultGizmoLibrary.uasset" 558
"../../../Engine/Plugins/Experimental/ControlRig/Content/Controls/DefaultGizmoLibrary.uexp" 559
"../../../Engine/Plugins/Runtime/OpenXR/Content/Devices/GoogleDaydream/MRTexture.uasset" 560
"../../../Engine/Plugins/Runtime/OpenXR/Content/Devices/GoogleDaydream/MRTexture.uexp" 561
"../../../Engine/Plugins/Runtime/OpenXR/Content/Devices/GoogleDaydream/MRTexture.ubulk" 562
"../../../Engine/Plugins/Runtime/OpenXR/Content/Devices/GoogleDaydream/BaseTexture.uasset" 563
"../../../Engine/Plugins/Runtime/OpenXR/Content/Devices/GoogleDaydream/BaseTexture.uexp" 564
"../../../Engine/Plugins/Runtime/OpenXR/Content/Devices/GoogleDaydream/BaseTexture.ubulk" 565
"../../../Engine/Content/EngineResources/Black.uasset" 566
"../../../Engine/Content/EngineResources/Black.uexp" 567
"../../../Engine/Plugins/Runtime/OpenXR/Content/Devices/M_XRController.uasset" 568
"../../../Engine/Plugins/Runtime/OpenXR/Content/Devices/M_XRController.uexp" 569
"../../../Engine/Plugins/Runtime/OpenXR/Content/Devices/GoogleDaydream/MI_GoogleDaydream.uasset" 570
"../../../Engine/Plugins/Runtime/OpenXR/Content/Devices/GoogleDaydream/MI_GoogleDaydream.uexp" 571
"../../../Engine/Plugins/Runtime/OpenXR/Content/Devices/GoogleDaydream/GoogleDaydreamController.uasset" 572
"../../../Engine/Plugins/Runtime/OpenXR/Content/Devices/GoogleDaydream/GoogleDaydreamController.uexp" 573
"../../../Engine/Plugins/Runtime/OpenXR/Content/Devices/HTCVive/BaseTexture.uasset" 574
"../../../Engine/Plugins/Runtime/OpenXR/Content/Devices/HTCVive/BaseTexture.uexp" 575
"../../../Engine/Plugins/Runtime/OpenXR/Content/Devices/HTCVive/BaseTexture.ubulk" 576
"../../../Engine/Plugins/Runtime/OpenXR/Content/Devices/HTCVive/MI_HTCVive.uasset" 577
"../../../Engine/Plugins/Runtime/OpenXR/Content/Devices/HTCVive/MI_HTCVive.uexp" 578
"../../../Engine/Plugins/Runtime/OpenXR/Content/Devices/HTCVive/HTCViveController.uasset" 579
"../../../Engine/Plugins/Runtime/OpenXR/Content/Devices/HTCVive/HTCViveController.uexp" 580
"../../../Engine/Plugins/Runtime/OpenXR/Content/Devices/MicrosoftMixedReality/NormalTexture.uasset" 581
"../../../Engine/Plugins/Runtime/OpenXR/Content/Devices/MicrosoftMixedReality/NormalTexture.uexp" 582
"../../../Engine/Plugins/Runtime/OpenXR/Content/Devices/MicrosoftMixedReality/NormalTexture.ubulk" 583
"../../../Engine/Plugins/Runtime/OpenXR/Content/Devices/MicrosoftMixedReality/MRTexture.uasset" 584
"../../../Engine/Plugins/Runtime/OpenXR/Content/Devices/MicrosoftMixedReality/MRTexture.uexp" 585
"../../../Engine/Plugins/Runtime/OpenXR/Content/Devices/MicrosoftMixedReality/MRTexture.ubulk" 586
"../../../Engine/Plugins/Runtime/OpenXR/Content/Devices/MicrosoftMixedReality/EmissiveTexture.uasset" 587
"../../../Engine/Plugins/Runtime/OpenXR/Content/Devices/MicrosoftMixedReality/EmissiveTexture.uexp" 588
"../../../Engine/Plugins/Runtime/OpenXR/Content/Devices/MicrosoftMixedReality/EmissiveTexture.ubulk" 589
"../../../Engine/Plugins/Runtime/OpenXR/Content/Devices/MicrosoftMixedReality/BaseTexture.uasset" 590
"../../../Engine/Plugins/Runtime/OpenXR/Content/Devices/MicrosoftMixedReality/BaseTexture.uexp" 591
"../../../Engine/Plugins/Runtime/OpenXR/Content/Devices/MicrosoftMixedReality/BaseTexture.ubulk" 592
"../../../Engine/Plugins/Runtime/OpenXR/Content/Devices/MicrosoftMixedReality/MI_MicrosoftMixedReality.uasset" 593
"../../../Engine/Plugins/Runtime/OpenXR/Content/Devices/MicrosoftMixedReality/MI_MicrosoftMixedReality.uexp" 594
"../../../Engine/Plugins/Runtime/OpenXR/Content/Devices/MicrosoftMixedReality/Left/left_MicrosoftMixedRealityController.uasset" 595
"../../../Engine/Plugins/Runtime/OpenXR/Content/Devices/MicrosoftMixedReality/Left/left_MicrosoftMixedRealityController.uexp" 596
"../../../Engine/Plugins/Runtime/OpenXR/Content/Devices/MicrosoftMixedReality/Right/right_MicrosoftMixedRealityController.uasset" 597
"../../../Engine/Plugins/Runtime/OpenXR/Content/Devices/MicrosoftMixedReality/Right/right_MicrosoftMixedRealityController.uexp" 598
"../../../Engine/Plugins/Runtime/OpenXR/Content/Devices/OculusGo/BaseTexture.uasset" 599
"../../../Engine/Plugins/Runtime/OpenXR/Content/Devices/OculusGo/BaseTexture.uexp" 600
"../../../Engine/Plugins/Runtime/OpenXR/Content/Devices/OculusGo/BaseTexture.ubulk" 601
"../../../Engine/Plugins/Runtime/OpenXR/Content/Devices/OculusGo/MI_OculusGo.uasset" 602
"../../../Engine/Plugins/Runtime/OpenXR/Content/Devices/OculusGo/MI_OculusGo.uexp" 603
"../../../Engine/Plugins/Runtime/OpenXR/Content/Devices/OculusGo/OculusGoController.uasset" 604
"../../../Engine/Plugins/Runtime/OpenXR/Content/Devices/OculusGo/OculusGoController.uexp" 605
"../../../Engine/Plugins/Runtime/OpenXR/Content/Devices/OculusTouch/MRTexture.uasset" 606
"../../../Engine/Plugins/Runtime/OpenXR/Content/Devices/OculusTouch/MRTexture.uexp" 607
"../../../Engine/Plugins/Runtime/OpenXR/Content/Devices/OculusTouch/MRTexture.ubulk" 608
"../../../Engine/Plugins/Runtime/OpenXR/Content/Devices/OculusTouch/BaseTexture.uasset" 609
"../../../Engine/Plugins/Runtime/OpenXR/Content/Devices/OculusTouch/BaseTexture.uexp" 610
"../../../Engine/Plugins/Runtime/OpenXR/Content/Devices/OculusTouch/BaseTexture.ubulk" 611
"../../../Engine/Plugins/Runtime/OpenXR/Content/Devices/OculusTouch/MI_OculusTouch.uasset" 612
"../../../Engine/Plugins/Runtime/OpenXR/Content/Devices/OculusTouch/MI_OculusTouch.uexp" 613
"../../../Engine/Plugins/Runtime/OpenXR/Content/Devices/OculusTouch/Left/left_OculusTouchController.uasset" 614
"../../../Engine/Plugins/Runtime/OpenXR/Content/Devices/OculusTouch/Left/left_OculusTouchController.uexp" 615
"../../../Engine/Plugins/Runtime/OpenXR/Content/Devices/OculusTouch/Right/right_OculusTouchController.uasset" 616
"../../../Engine/Plugins/Runtime/OpenXR/Content/Devices/OculusTouch/Right/right_OculusTouchController.uexp" 617
"../../../Engine/Plugins/Runtime/OpenXR/Content/Devices/OculusTouch_v2/MRTexture.uasset" 618
"../../../Engine/Plugins/Runtime/OpenXR/Content/Devices/OculusTouch_v2/MRTexture.uexp" 619
"../../../Engine/Plugins/Runtime/OpenXR/Content/Devices/OculusTouch_v2/MRTexture.ubulk" 620
"../../../Engine/Plugins/Runtime/OpenXR/Content/Devices/OculusTouch_v2/BaseTexture.uasset" 621
"../../../Engine/Plugins/Runtime/OpenXR/Content/Devices/OculusTouch_v2/BaseTexture.uexp" 622
"../../../Engine/Plugins/Runtime/OpenXR/Content/Devices/OculusTouch_v2/BaseTexture.ubulk" 623
"../../../Engine/Plugins/Runtime/OpenXR/Content/Devices/OculusTouch_v2/MI_OculusTouch_v2.uasset" 624
"../../../Engine/Plugins/Runtime/OpenXR/Content/Devices/OculusTouch_v2/MI_OculusTouch_v2.uexp" 625
"../../../Engine/Plugins/Runtime/OpenXR/Content/Devices/OculusTouch_v2/Left/left_OculusTouch_v2Controller.uasset" 626
"../../../Engine/Plugins/Runtime/OpenXR/Content/Devices/OculusTouch_v2/Left/left_OculusTouch_v2Controller.uexp" 627
"../../../Engine/Plugins/Runtime/OpenXR/Content/Devices/OculusTouch_v2/Right/right_OculusTouch_v2Controller.uasset" 628
"../../../Engine/Plugins/Runtime/OpenXR/Content/Devices/OculusTouch_v2/Right/right_OculusTouch_v2Controller.uexp" 629
"../../../Engine/Plugins/Runtime/OpenXR/Content/Devices/OculusTouch_v3/MRTexture.uasset" 630
"../../../Engine/Plugins/Runtime/OpenXR/Content/Devices/OculusTouch_v3/MRTexture.uexp" 631
"../../../Engine/Plugins/Runtime/OpenXR/Content/Devices/OculusTouch_v3/MRTexture.ubulk" 632
"../../../Engine/Plugins/Runtime/OpenXR/Content/Devices/OculusTouch_v3/BaseTexture.uasset" 633
"../../../Engine/Plugins/Runtime/OpenXR/Content/Devices/OculusTouch_v3/BaseTexture.uexp" 634
"../../../Engine/Plugins/Runtime/OpenXR/Content/Devices/OculusTouch_v3/BaseTexture.ubulk" 635
"../../../Engine/Plugins/Runtime/OpenXR/Content/Devices/OculusTouch_v3/MI_OculusTouch_v3.uasset" 636
"../../../Engine/Plugins/Runtime/OpenXR/Content/Devices/OculusTouch_v3/MI_OculusTouch_v3.uexp" 637
"../../../Engine/Plugins/Runtime/OpenXR/Content/Devices/OculusTouch_v3/Left/left_OculusTouch_v3Controller.uasset" 638
"../../../Engine/Plugins/Runtime/OpenXR/Content/Devices/OculusTouch_v3/Left/left_OculusTouch_v3Controller.uexp" 639
"../../../Engine/Plugins/Runtime/OpenXR/Content/Devices/OculusTouch_v3/Right/right_OculusTouch_v3Controller.uasset" 640
"../../../Engine/Plugins/Runtime/OpenXR/Content/Devices/OculusTouch_v3/Right/right_OculusTouch_v3Controller.uexp" 641
"../../../Engine/Plugins/Runtime/OpenXR/Content/Devices/ValveIndex/MRTexture.uasset" 642
"../../../Engine/Plugins/Runtime/OpenXR/Content/Devices/ValveIndex/MRTexture.uexp" 643
"../../../Engine/Plugins/Runtime/OpenXR/Content/Devices/ValveIndex/MRTexture.ubulk" 644
"../../../Engine/Plugins/Runtime/OpenXR/Content/Devices/ValveIndex/BaseTexture.uasset" 645
"../../../Engine/Plugins/Runtime/OpenXR/Content/Devices/ValveIndex/BaseTexture.uexp" 646
"../../../Engine/Plugins/Runtime/OpenXR/Content/Devices/ValveIndex/BaseTexture.ubulk" 647
"../../../Engine/Plugins/Runtime/OpenXR/Content/Devices/ValveIndex/Left/MI_left_ValveIndex.uasset" 648
"../../../Engine/Plugins/Runtime/OpenXR/Content/Devices/ValveIndex/Left/MI_left_ValveIndex.uexp" 649
"../../../Engine/Plugins/Runtime/OpenXR/Content/Devices/ValveIndex/Left/left_ValveIndexController.uasset" 650
"../../../Engine/Plugins/Runtime/OpenXR/Content/Devices/ValveIndex/Left/left_ValveIndexController.uexp" 651
"../../../Engine/Plugins/Runtime/OpenXR/Content/Devices/ValveIndex/Right/MI_right_ValveIndex.uasset" 652
"../../../Engine/Plugins/Runtime/OpenXR/Content/Devices/ValveIndex/Right/MI_right_ValveIndex.uexp" 653
"../../../Engine/Plugins/Runtime/OpenXR/Content/Devices/ValveIndex/Right/right_ValveIndexController.uasset" 654
"../../../Engine/Plugins/Runtime/OpenXR/Content/Devices/ValveIndex/Right/right_ValveIndexController.uexp" 655
"../../../Engine/Plugins/Runtime/WebBrowserWidget/Content/WebTexture_T.uasset" 656
"../../../Engine/Plugins/Runtime/WebBrowserWidget/Content/WebTexture_T.uexp" 657
"../../../Engine/Plugins/Runtime/WebBrowserWidget/Content/WebTexture_M.uasset" 658
"../../../Engine/Plugins/Runtime/WebBrowserWidget/Content/WebTexture_M.uexp" 659
"../../../Engine/Plugins/Runtime/WebBrowserWidget/Content/WebTexture_TM.uasset" 660
"../../../Engine/Plugins/Runtime/WebBrowserWidget/Content/WebTexture_TM.uexp" 661
"../../../Engine/Content/Functions/Engine_MaterialFunctions02/Utility/MakeFloat3.uasset" 662
"../../../Engine/Content/Functions/Engine_MaterialFunctions02/Utility/MakeFloat3.uexp" 663
"../../../Engine/Content/Functions/Engine_MaterialFunctions02/Utility/BreakOutFloat4Components.uasset" 664
"../../../Engine/Content/Functions/Engine_MaterialFunctions02/Utility/BreakOutFloat4Components.uexp" 665
"../../../Engine/Plugins/Runtime/Oculus/OculusVR/Content/Materials/OculusMR_ChromaKey.uasset" 666
"../../../Engine/Plugins/Runtime/Oculus/OculusVR/Content/Materials/OculusMR_ChromaKey.uexp" 667
"../../../Engine/Plugins/Runtime/Oculus/OculusVR/Content/Materials/OculusMR_OpaqueColoredMaterial.uasset" 668
"../../../Engine/Plugins/Runtime/Oculus/OculusVR/Content/Materials/OculusMR_OpaqueColoredMaterial.uexp" 669
"../../../Engine/Plugins/Runtime/Oculus/OculusVR/Content/Materials/PokeAHoleMaterial.uasset" 670
"../../../Engine/Plugins/Runtime/Oculus/OculusVR/Content/Materials/PokeAHoleMaterial.uexp" 671
"../../../Engine/Plugins/Runtime/Oculus/OculusVR/Content/Textures/touchController_controlmap.uasset" 672
"../../../Engine/Plugins/Runtime/Oculus/OculusVR/Content/Textures/touchController_controlmap.uexp" 673
"../../../Engine/Plugins/Runtime/Oculus/OculusVR/Content/Textures/touchController_controlmap.ubulk" 674
"../../../Engine/Plugins/Runtime/Oculus/OculusVR/Content/Textures/touchController_albedo.uasset" 675
"../../../Engine/Plugins/Runtime/Oculus/OculusVR/Content/Textures/touchController_albedo.uexp" 676
"../../../Engine/Plugins/Runtime/Oculus/OculusVR/Content/Textures/touchController_albedo.ubulk" 677
"../../../Engine/Plugins/Runtime/Oculus/OculusVR/Content/Materials/touchController_mat.uasset" 678
"../../../Engine/Plugins/Runtime/Oculus/OculusVR/Content/Materials/touchController_mat.uexp" 679
"../../../Engine/Plugins/Runtime/Oculus/OculusVR/Content/Meshes/LeftTouchController.uasset" 680
"../../../Engine/Plugins/Runtime/Oculus/OculusVR/Content/Meshes/LeftTouchController.uexp" 681
"../../../Engine/Plugins/Runtime/Oculus/OculusVR/Content/Textures/TouchForQuestRiftSController_albedo.uasset" 682
"../../../Engine/Plugins/Runtime/Oculus/OculusVR/Content/Textures/TouchForQuestRiftSController_albedo.uexp" 683
"../../../Engine/Plugins/Runtime/Oculus/OculusVR/Content/Textures/TouchForQuestRiftSController_albedo.ubulk" 684
"../../../Engine/Plugins/Runtime/Oculus/OculusVR/Content/Materials/TouchForQuestRiftSControllerMaterial.uasset" 685
"../../../Engine/Plugins/Runtime/Oculus/OculusVR/Content/Materials/TouchForQuestRiftSControllerMaterial.uexp" 686
"../../../Engine/Plugins/Runtime/Oculus/OculusVR/Content/Meshes/LeftTouchForQuestRiftSController.uasset" 687
"../../../Engine/Plugins/Runtime/Oculus/OculusVR/Content/Meshes/LeftTouchForQuestRiftSController.uexp" 688
"../../../Engine/Plugins/Runtime/Oculus/OculusVR/Content/Meshes/RiftHMD.uasset" 689
"../../../Engine/Plugins/Runtime/Oculus/OculusVR/Content/Meshes/RiftHMD.uexp" 690
"../../../Engine/Plugins/Runtime/Oculus/OculusVR/Content/Meshes/RightTouchController.uasset" 691
"../../../Engine/Plugins/Runtime/Oculus/OculusVR/Content/Meshes/RightTouchController.uexp" 692
"../../../Engine/Plugins/Runtime/Oculus/OculusVR/Content/Meshes/RightTouchForQuestRiftSController.uasset" 693
"../../../Engine/Plugins/Runtime/Oculus/OculusVR/Content/Meshes/RightTouchForQuestRiftSController.uexp" 694
"../../../Engine/Content/Maps/Entry_BuiltData.uasset" 695
"../../../Engine/Content/Maps/Entry_BuiltData.uexp" 696
"../../../Engine/Content/Maps/Entry.uexp" 697
"../../../Engine/Content/Maps/Entry.umap" 698
